ParseStarterProject/build/intermediates/manifest_merge_blame_file/debug/manifest-merger-blame-debug-report.txt
1<?xml version="1.0" encoding="utf-8"?>
2<manifest xmlns:android="http://schemas.android.com/apk/res/android"
3    package="com.parse.starter"
4    android:versionCode="1"
5    android:versionName="1.0" >
6
7    <uses-sdk
8        android:minSdkVersion="23"
8-->src\main\AndroidManifest.xml
9        android:targetSdkVersion="30" />
9-->src\main\AndroidManifest.xml
10
11    <uses-permission android:name="android.permission.INTERNET" />
11-->src\main\AndroidManifest.xml:5:5-67
11-->src\main\AndroidManifest.xml:5:22-64
12    <uses-permission android:name="android.permission.ACCESS_WIFI_STATE" />
12-->src\main\AndroidManifest.xml:6:5-76
12-->src\main\AndroidManifest.xml:6:22-73
13    <uses-permission android:name="android.permission.ACCESS_NETWORK_STATE" />
13-->src\main\AndroidManifest.xml:7:5-79
13-->src\main\AndroidManifest.xml:7:22-76
14    <uses-permission android:name="android.permission.READ_EXTERNAL_STORAGE" />
14-->src\main\AndroidManifest.xml:8:5-80
14-->src\main\AndroidManifest.xml:8:22-77
15    <uses-permission android:name="android.permission.ACCESS_FINE_LOCATION" />
15-->src\main\AndroidManifest.xml:9:5-79
15-->src\main\AndroidManifest.xml:9:22-76
16
17    <application
17-->src\main\AndroidManifest.xml:11:5-31:19
18        android:name="com.parse.starter.StarterApplication"
18-->src\main\AndroidManifest.xml:12:9-43
19        android:allowBackup="true"
19-->src\main\AndroidManifest.xml:13:9-35
20        android:appComponentFactory="androidx.core.app.CoreComponentFactory"
20-->[androidx.core:core:1.5.0] AndroidManifest.xml:24:18-86
21        android:debuggable="true"
22        android:extractNativeLibs="false"
23        android:icon="@mipmap/ic_launcher"
23-->src\main\AndroidManifest.xml:14:9-43
24        android:label="@string/app_name"
24-->src\main\AndroidManifest.xml:15:9-41
25        android:testOnly="true"
26        android:theme="@style/AppTheme"
26-->src\main\AndroidManifest.xml:16:9-40
27        android:usesCleartextTraffic="true" >
27-->src\main\AndroidManifest.xml:17:9-44
28        <activity
28-->src\main\AndroidManifest.xml:18:9-20:40
29            android:name="com.parse.starter.UserListActivity"
29-->src\main\AndroidManifest.xml:19:13-45
30            android:exported="false" />
30-->src\main\AndroidManifest.xml:20:13-37
31        <activity
31-->src\main\AndroidManifest.xml:21:9-30:20
32            android:name="com.parse.starter.MainActivity"
32-->src\main\AndroidManifest.xml:22:13-41
33            android:exported="true"
33-->src\main\AndroidManifest.xml:23:13-36
34            android:label="@string/app_name" >
34-->src\main\AndroidManifest.xml:24:13-45
35            <intent-filter>
35-->src\main\AndroidManifest.xml:25:13-29:29
36                <action android:name="android.intent.action.MAIN" />
36-->src\main\AndroidManifest.xml:26:17-69
36-->src\main\AndroidManifest.xml:26:25-66
37
38                <category android:name="android.intent.category.LAUNCHER" />
38-->src\main\AndroidManifest.xml:28:17-77
38-->src\main\AndroidManifest.xml:28:27-74
39            </intent-filter>
40        </activity>
41        <activity
41-->[com.google.android.gms:play-services-base:17.5.0] AndroidManifest.xml:23:9-26:75
42            android:name="com.google.android.gms.common.api.GoogleApiActivity"
42-->[com.google.android.gms:play-services-base:17.5.0] AndroidManifest.xml:24:13-79
43            android:exported="false"
43-->[com.google.android.gms:play-services-base:17.5.0] AndroidManifest.xml:25:13-37
44            android:theme="@android:style/Theme.Translucent.NoTitleBar" />
44-->[com.google.android.gms:play-services-base:17.5.0] AndroidManifest.xml:26:13-72
45
46        <meta-data
46-->[com.google.android.gms:play-services-basement:17.5.0] AndroidManifest.xml:23:9-25:69
47            android:name="com.google.android.gms.version"
47-->[com.google.android.gms:play-services-basement:17.5.0] AndroidManifest.xml:24:13-58
48            android:value="@integer/google_play_services_version" />
48-->[com.google.android.gms:play-services-basement:17.5.0] AndroidManifest.xml:25:13-66
49    </application>
50
51</manifest>